02/03/20 2:43:22: /home/yannekci/public_html/wp-content/plugins/wp-scss/cache/ - File Permission Error, permission denied. Please make the cache directory writable.
02/03/20 2:43:38: /home/yannekci/public_html/wp-content/plugins/wp-scss/cache/ - File Permission Error, permission denied. Please make the cache directory writable.
02/03/20 2:43:55: /home/yannekci/public_html/wp-content/plugins/wp-scss/cache/ - File Permission Error, permission denied. Please make the cache directory writable.
02/03/20 2:43:56: /home/yannekci/public_html/wp-content/plugins/wp-scss/cache/ - File Permission Error, permission denied. Please make the cache directory writable.
02/03/20 2:44:24: /home/yannekci/public_html/wp-content/plugins/wp-scss/cache/ - File Permission Error, permission denied. Please make the cache directory writable.
02/03/20 3:28:02: style.scss - parse error: failed at `@use "responsive.scss";` /home/yannekci/public_html/wp-content/themes/werkstatt-child/scss/style.scss on line 273
02/03/20 3:28:03: style.scss - parse error: failed at `@use "responsive.scss";` /home/yannekci/public_html/wp-content/themes/werkstatt-child/scss/style.scss on line 273
02/03/20 3:29:03: style.scss - parse error: failed at `@use "responsive.scss";` /home/yannekci/public_html/wp-content/themes/werkstatt-child/scss/style.scss on line 273
02/03/20 3:29:46: style.scss - parse error: failed at `@use "responsive.scss";` /home/yannekci/public_html/wp-content/themes/werkstatt-child/scss/style.scss on line 273
02/03/20 3:56:25: style.scss - Undefined variable $rt-extra: line: 35
02/03/20 3:56:33: style.scss - Undefined variable $rt-extra: line: 35
02/03/20 3:56:34: style.scss - Undefined variable $rt-extra: line: 35
02/03/20 3:56:35: style.scss - Undefined variable $rt-extra: line: 35
02/03/20 3:57:00: style.scss - Undefined variable $rt-extra: line: 35
02/03/20 3:57:02: style.scss - parse error: failed at `font-family: base.$rt-extra;` /home/yannekci/public_html/wp-content/themes/werkstatt-child/scss/style.scss on line 35
02/03/20 3:57:11: style.scss - parse error: failed at `font-family: base.$rt-extra;` /home/yannekci/public_html/wp-content/themes/werkstatt-child/scss/style.scss on line 35
02/03/20 3:57:31: style.scss - parse error: failed at `font-family: typography.$rt-extra;` /home/yannekci/public_html/wp-content/themes/werkstatt-child/scss/style.scss on line 35
02/03/20 3:57:32: style.scss - parse error: failed at `font-family: typography.$rt-extra;` /home/yannekci/public_html/wp-content/themes/werkstatt-child/scss/style.scss on line 35
02/03/20 3:57:37: style.scss - parse error: failed at `font-family: typography.$rt-extra;` /home/yannekci/public_html/wp-content/themes/werkstatt-child/scss/style.scss on line 35
02/03/20 3:57:44: style.scss - parse error: failed at `font-family: typography.$rt-extra;` /home/yannekci/public_html/wp-content/themes/werkstatt-child/scss/style.scss on line 35
02/03/20 3:58:02: style.scss - parse error: failed at `font-family: typography.$rt-extra;` /home/yannekci/public_html/wp-content/themes/werkstatt-child/scss/style.scss on line 35
02/03/20 3:58:12: style.scss - parse error: failed at `font-family: typography.$rt-extra;` /home/yannekci/public_html/wp-content/themes/werkstatt-child/scss/style.scss on line 35
02/03/20 3:58:37: style.scss - parse error: failed at `font-family: typography.$rt-extra;` /home/yannekci/public_html/wp-content/themes/werkstatt-child/scss/style.scss on line 35
02/03/20 3:58:37: style.scss - parse error: failed at `font-family: typography.$rt-extra;` /home/yannekci/public_html/wp-content/themes/werkstatt-child/scss/style.scss on line 35
02/03/20 3:58:48: style.scss - parse error: failed at `font-family: type.$rt-extra;` /home/yannekci/public_html/wp-content/themes/werkstatt-child/scss/style.scss on line 35
02/03/20 3:59:02: style.scss - parse error: failed at `font-family: type.$rt-extra;` /home/yannekci/public_html/wp-content/themes/werkstatt-child/scss/style.scss on line 35
02/03/20 3:59:03: style.scss - parse error: failed at `font-family: type.$rt-extra;` /home/yannekci/public_html/wp-content/themes/werkstatt-child/scss/style.scss on line 35
02/03/20 3:59:25: style.scss - parse error: failed at `font-family: type.$rt-extra;` /home/yannekci/public_html/wp-content/themes/werkstatt-child/scss/style.scss on line 35
02/03/20 3:59:32: style.scss - parse error: failed at `font-family: type.$rt-extra;` /home/yannekci/public_html/wp-content/themes/werkstatt-child/scss/style.scss on line 35
02/03/20 4:00:14: style.scss - parse error: failed at `font-family: type.$rt-extra;` /home/yannekci/public_html/wp-content/themes/werkstatt-child/scss/style.scss on line 35
02/03/20 4:00:27: style.scss - parse error: failed at `font-family: type.$rt-extra;` /home/yannekci/public_html/wp-content/themes/werkstatt-child/scss/style.scss on line 35
02/03/20 4:00:35: style.scss - parse error: failed at `font-family: type.$rt-extra;` /home/yannekci/public_html/wp-content/themes/werkstatt-child/scss/style.scss on line 35
02/03/20 4:01:12: style.scss - parse error: failed at `font-family: type.$rt-extra;` /home/yannekci/public_html/wp-content/themes/werkstatt-child/scss/style.scss on line 35
02/03/20 4:01:27: style.scss - parse error: failed at `font-family: type.$rt-extra;` /home/yannekci/public_html/wp-content/themes/werkstatt-child/scss/style.scss on line 35
02/03/20 4:01:58: style.scss - parse error: failed at `font-family: type.$rt-extra;` /home/yannekci/public_html/wp-content/themes/werkstatt-child/scss/style.scss on line 35
02/03/20 4:02:08: style.scss - parse error: failed at `font-family: type.$rt-extra;` /home/yannekci/public_html/wp-content/themes/werkstatt-child/scss/style.scss on line 35
02/03/20 4:02:24: style.scss - parse error: failed at `font-family: type.$rt-extra;` /home/yannekci/public_html/wp-content/themes/werkstatt-child/scss/style.scss on line 35
02/03/20 4:02:56: style.scss - parse error: failed at `font-family: type.$rt-extra;` /home/yannekci/public_html/wp-content/themes/werkstatt-child/scss/style.scss on line 35
02/03/20 4:03:08: style.scss - parse error: failed at `font-family: type.$rt-extra;` /home/yannekci/public_html/wp-content/themes/werkstatt-child/scss/style.scss on line 35
02/03/20 4:03:08: style.scss - parse error: failed at `font-family: type.$rt-extra;` /home/yannekci/public_html/wp-content/themes/werkstatt-child/scss/style.scss on line 35
02/03/20 4:03:15: style.scss - parse error: failed at `font-family: type.$rt-extra;` /home/yannekci/public_html/wp-content/themes/werkstatt-child/scss/style.scss on line 35
02/03/20 4:03:25: style.scss - parse error: failed at `font-family: type.$rt-extra;` /home/yannekci/public_html/wp-content/themes/werkstatt-child/scss/style.scss on line 35
02/03/20 4:04:53: style.scss - parse error: failed at `font-family: type.$rt-extra;` /home/yannekci/public_html/wp-content/themes/werkstatt-child/scss/style.scss on line 35
02/03/20 4:05:09: style.scss - parse error: failed at `font-family: type.$rt-extra;` /home/yannekci/public_html/wp-content/themes/werkstatt-child/scss/style.scss on line 35
02/03/20 4:05:37: style.scss - parse error: failed at `font-family: type.$rt-extra;` /home/yannekci/public_html/wp-content/themes/werkstatt-child/scss/style.scss on line 35
02/03/20 4:05:53: style.scss - parse error: failed at `font-family: type.$rt-extra;` /home/yannekci/public_html/wp-content/themes/werkstatt-child/scss/style.scss on line 35
02/03/20 4:05:55: style.scss - parse error: failed at `font-family: type.$rt-extra;` /home/yannekci/public_html/wp-content/themes/werkstatt-child/scss/style.scss on line 35
02/03/20 4:05:56: style.scss - parse error: failed at `font-family: type.$rt-extra;` /home/yannekci/public_html/wp-content/themes/werkstatt-child/scss/style.scss on line 35
02/03/20 4:06:06: style.scss - parse error: failed at `font-family: type.$rt-extra;` /home/yannekci/public_html/wp-content/themes/werkstatt-child/scss/style.scss on line 35
02/03/20 4:06:24: style.scss - parse error: failed at `font-family: type.$rt-extra;` /home/yannekci/public_html/wp-content/themes/werkstatt-child/scss/style.scss on line 35
02/03/20 4:06:39: style.scss - Undefined variable $rt-extra: line: 35
02/03/20 4:07:07: style.scss - parse error: failed at `font-family: type.$rt-extra;` /home/yannekci/public_html/wp-content/themes/werkstatt-child/scss/style.scss on line 35
02/03/20 4:07:29: style.scss - parse error: failed at `font-family: type.$rt-extra;` /home/yannekci/public_html/wp-content/themes/werkstatt-child/scss/style.scss on line 35
02/03/20 4:07:41: style.scss - parse error: failed at `font-family: type.$rt-extra;` /home/yannekci/public_html/wp-content/themes/werkstatt-child/scss/style.scss on line 35
02/03/20 4:07:46: style.scss - parse error: failed at `font-family: type.$rt-extra;` /home/yannekci/public_html/wp-content/themes/werkstatt-child/scss/style.scss on line 35
02/03/20 4:08:07: style.scss - parse error: failed at `font-family: type.$rt-extra;` /home/yannekci/public_html/wp-content/themes/werkstatt-child/scss/style.scss on line 35
02/03/20 4:08:42: style.scss - parse error: failed at `font-family: type.$rt-extra;` /home/yannekci/public_html/wp-content/themes/werkstatt-child/scss/style.scss on line 35
02/03/20 4:08:47: style.scss - parse error: failed at `font-family: type.$rt-extra;` /home/yannekci/public_html/wp-content/themes/werkstatt-child/scss/style.scss on line 35
02/03/20 4:08:57: style.scss - parse error: failed at `font-family: type.$rt-extra;` /home/yannekci/public_html/wp-content/themes/werkstatt-child/scss/style.scss on line 35
02/03/20 4:09:07: style.scss - parse error: failed at `font-family: type.$rt-extra;` /home/yannekci/public_html/wp-content/themes/werkstatt-child/scss/style.scss on line 35
02/03/20 4:09:41: style.scss - parse error: failed at `font-family: type.$rt-extra;` /home/yannekci/public_html/wp-content/themes/werkstatt-child/scss/style.scss on line 35
02/03/20 4:10:07: style.scss - parse error: failed at `font-family: type.$rt-extra;` /home/yannekci/public_html/wp-content/themes/werkstatt-child/scss/style.scss on line 35
02/03/20 4:10:24: style.scss - parse error: failed at `font-family: type.$rt-extra;` /home/yannekci/public_html/wp-content/themes/werkstatt-child/scss/style.scss on line 35
02/03/20 4:10:30: style.scss - parse error: failed at `font-family: type.$rt-extra;` /home/yannekci/public_html/wp-content/themes/werkstatt-child/scss/style.scss on line 35
02/03/20 4:10:43: style.scss - parse error: failed at `font-family: type.$rt-extra;` /home/yannekci/public_html/wp-content/themes/werkstatt-child/scss/style.scss on line 35
02/03/20 4:11:07: style.scss - parse error: failed at `color: color.$green;` /home/yannekci/public_html/wp-content/themes/werkstatt-child/scss/style.scss on line 33
02/03/20 4:11:30: style.scss - parse error: failed at `color: color.$green;` /home/yannekci/public_html/wp-content/themes/werkstatt-child/scss/style.scss on line 33
02/03/20 4:12:07: style.scss - parse error: failed at `color: color.$green;` /home/yannekci/public_html/wp-content/themes/werkstatt-child/scss/style.scss on line 31
02/03/20 4:13:07: style.scss - parse error: failed at `color: color.$green;` /home/yannekci/public_html/wp-content/themes/werkstatt-child/scss/style.scss on line 31
02/03/20 4:13:52: style.scss - parse error: failed at `color: color.$green;` /home/yannekci/public_html/wp-content/themes/werkstatt-child/scss/style.scss on line 31
02/03/20 4:14:07: style.scss - parse error: failed at `color: color.$green;` /home/yannekci/public_html/wp-content/themes/werkstatt-child/scss/style.scss on line 31
02/03/20 4:14:07: style.scss - parse error: failed at `color: color.$green;` /home/yannekci/public_html/wp-content/themes/werkstatt-child/scss/style.scss on line 31
02/03/20 4:14:22: style.scss - parse error: failed at `color: color.$green;` /home/yannekci/public_html/wp-content/themes/werkstatt-child/scss/style.scss on line 31
02/03/20 4:14:40: style.scss - parse error: failed at `color: color.$green;` /home/yannekci/public_html/wp-content/themes/werkstatt-child/scss/style.scss on line 31
02/03/20 4:15:07: style.scss - parse error: failed at `color: color.$green;` /home/yannekci/public_html/wp-content/themes/werkstatt-child/scss/style.scss on line 31
02/03/20 4:15:08: style.scss - parse error: failed at `color: color.$green;` /home/yannekci/public_html/wp-content/themes/werkstatt-child/scss/style.scss on line 31
02/03/20 4:15:23: style.scss - parse error: failed at `color: color.$green;` /home/yannekci/public_html/wp-content/themes/werkstatt-child/scss/style.scss on line 32
02/03/20 4:15:35: style.scss - parse error: failed at `font-family: type.$rt-extra;` /home/yannekci/public_html/wp-content/themes/werkstatt-child/scss/style.scss on line 34
02/03/20 4:16:07: style.scss - parse error: failed at `color: color.$green;` /home/yannekci/public_html/wp-content/themes/werkstatt-child/scss/style.scss on line 32
02/03/20 4:16:25: style.scss - parse error: failed at `color: color.$green;` /home/yannekci/public_html/wp-content/themes/werkstatt-child/scss/style.scss on line 32
02/03/20 4:17:07: style.scss - parse error: failed at `color: color.$green;` /home/yannekci/public_html/wp-content/themes/werkstatt-child/scss/style.scss on line 32
02/03/20 4:17:43: style.scss - parse error: failed at `color: color.$green;` /home/yannekci/public_html/wp-content/themes/werkstatt-child/scss/style.scss on line 32
02/03/20 4:18:07: style.scss - parse error: failed at `color: color.$green;` /home/yannekci/public_html/wp-content/themes/werkstatt-child/scss/style.scss on line 32
02/03/20 4:18:14: style.scss - parse error: failed at `color: color.$green;` /home/yannekci/public_html/wp-content/themes/werkstatt-child/scss/style.scss on line 32
02/03/20 4:18:27: style.scss - parse error: failed at `font-family: type.$rt-extra;` /home/yannekci/public_html/wp-content/themes/werkstatt-child/scss/style.scss on line 34
02/03/20 4:18:29: style.scss - parse error: failed at `color: color.$green;` /home/yannekci/public_html/wp-content/themes/werkstatt-child/scss/style.scss on line 32
02/03/20 4:19:07: style.scss - parse error: failed at `color: color.$green;` /home/yannekci/public_html/wp-content/themes/werkstatt-child/scss/style.scss on line 32
02/03/20 4:19:31: style.scss - parse error: failed at `color: color.$green;` /home/yannekci/public_html/wp-content/themes/werkstatt-child/scss/style.scss on line 32
02/03/20 4:21:07: style.scss - parse error: failed at `color: color.$green;` /home/yannekci/public_html/wp-content/themes/werkstatt-child/scss/style.scss on line 32
02/03/20 4:21:31: style.scss - parse error: failed at `color: color.$green;` /home/yannekci/public_html/wp-content/themes/werkstatt-child/scss/style.scss on line 32
02/03/20 4:22:29: style.scss - parse error: failed at `color: color.$green;` /home/yannekci/public_html/wp-content/themes/werkstatt-child/scss/style.scss on line 32
02/03/20 4:22:37: style.scss - parse error: failed at `color: color.$green;` /home/yannekci/public_html/wp-content/themes/werkstatt-child/scss/style.scss on line 32
02/03/20 4:22:55: style.scss - parse error: failed at `color: color.$green;` /home/yannekci/public_html/wp-content/themes/werkstatt-child/scss/style.scss on line 30
02/03/20 4:23:14: style.scss - parse error: failed at `color: color.$green;` /home/yannekci/public_html/wp-content/themes/werkstatt-child/scss/style.scss on line 32
02/03/20 4:23:29: style.scss - parse error: failed at `color: color.$green;` /home/yannekci/public_html/wp-content/themes/werkstatt-child/scss/style.scss on line 32
02/03/20 4:23:29: style.scss - parse error: failed at `color: color.$green;` /home/yannekci/public_html/wp-content/themes/werkstatt-child/scss/style.scss on line 32
02/03/20 4:23:30: style.scss - parse error: failed at `color: color.$green;` /home/yannekci/public_html/wp-content/themes/werkstatt-child/scss/style.scss on line 32
02/03/20 4:23:31: style.scss - parse error: failed at `color: color.$green;` /home/yannekci/public_html/wp-content/themes/werkstatt-child/scss/style.scss on line 32
02/03/20 4:23:34: style.scss - parse error: failed at `color: color.$green;` /home/yannekci/public_html/wp-content/themes/werkstatt-child/scss/style.scss on line 32
02/03/20 4:23:43: style.scss - parse error: failed at `color: color.$green;` /home/yannekci/public_html/wp-content/themes/werkstatt-child/scss/style.scss on line 32
02/03/20 4:24:04: style.scss - parse error: failed at `color: color.$green;` /home/yannekci/public_html/wp-content/themes/werkstatt-child/scss/style.scss on line 32
02/03/20 4:24:08: style.scss - parse error: failed at `color: color.$green;` /home/yannekci/public_html/wp-content/themes/werkstatt-child/scss/style.scss on line 32
02/03/20 4:24:29: style.scss - parse error: failed at `color: color.$green;` /home/yannekci/public_html/wp-content/themes/werkstatt-child/scss/style.scss on line 32
02/03/20 4:24:32: style.scss - parse error: failed at `color: color.$green;` /home/yannekci/public_html/wp-content/themes/werkstatt-child/scss/style.scss on line 32
02/03/20 4:24:49: style.scss - parse error: failed at `color: color.$green;` /home/yannekci/public_html/wp-content/themes/werkstatt-child/scss/style.scss on line 32
02/03/20 4:24:50: style.scss - parse error: failed at `color: color.$green;` /home/yannekci/public_html/wp-content/themes/werkstatt-child/scss/style.scss on line 32
02/03/20 4:25:31: style.scss - parse error: failed at `color: color.$green;` /home/yannekci/public_html/wp-content/themes/werkstatt-child/scss/style.scss on line 32
02/03/20 4:25:51: style.scss - parse error: failed at `color: color.$green;` /home/yannekci/public_html/wp-content/themes/werkstatt-child/scss/style.scss on line 32
02/03/20 4:26:52: style.scss - parse error: failed at `color: color.$green;` /home/yannekci/public_html/wp-content/themes/werkstatt-child/scss/style.scss on line 32
02/03/20 4:27:05: style.scss - parse error: failed at `color: color.$green;` /home/yannekci/public_html/wp-content/themes/werkstatt-child/scss/style.scss on line 32
02/03/20 4:27:52: style.scss - parse error: failed at `color: color.$green;` /home/yannekci/public_html/wp-content/themes/werkstatt-child/scss/style.scss on line 32
02/03/20 4:27:59: style.scss - parse error: failed at `color: color.$green;` /home/yannekci/public_html/wp-content/themes/werkstatt-child/scss/style.scss on line 32
02/03/20 4:28:05: style.scss - parse error: failed at `color: color.$green;` /home/yannekci/public_html/wp-content/themes/werkstatt-child/scss/style.scss on line 32
02/03/20 4:29:05: style.scss - parse error: failed at `color: color.$green;` /home/yannekci/public_html/wp-content/themes/werkstatt-child/scss/style.scss on line 32
02/03/20 4:29:52: style.scss - parse error: failed at `color: color.$green;` /home/yannekci/public_html/wp-content/themes/werkstatt-child/scss/style.scss on line 32
02/03/20 4:30:14: style.scss - parse error: failed at `color: color.$green;` /home/yannekci/public_html/wp-content/themes/werkstatt-child/scss/style.scss on line 32
02/03/20 4:31:14: style.scss - parse error: failed at `color: color.$green;` /home/yannekci/public_html/wp-content/themes/werkstatt-child/scss/style.scss on line 32
02/03/20 4:31:52: style.scss - parse error: failed at `color: color.$green;` /home/yannekci/public_html/wp-content/themes/werkstatt-child/scss/style.scss on line 32
02/03/20 4:32:14: style.scss - parse error: failed at `color: color.$green;` /home/yannekci/public_html/wp-content/themes/werkstatt-child/scss/style.scss on line 32
02/03/20 4:32:17: style.scss - parse error: failed at `color: color.$green;` /home/yannekci/public_html/wp-content/themes/werkstatt-child/scss/style.scss on line 32
02/03/20 4:32:31: style.scss - parse error: failed at `color: color.$green;` /home/yannekci/public_html/wp-content/themes/werkstatt-child/scss/style.scss on line 32
02/03/20 4:32:35: style.scss - parse error: failed at `color: color.$green;` /home/yannekci/public_html/wp-content/themes/werkstatt-child/scss/style.scss on line 33
02/03/20 4:32:53: style.scss - parse error: failed at `color: color.$green;` /home/yannekci/public_html/wp-content/themes/werkstatt-child/scss/style.scss on line 33
02/03/20 4:33:02: style.scss - parse error: failed at `color: color.$green;` /home/yannekci/public_html/wp-content/themes/werkstatt-child/scss/style.scss on line 33
02/03/20 4:33:03: style.scss - parse error: failed at `color: color.$green;` /home/yannekci/public_html/wp-content/themes/werkstatt-child/scss/style.scss on line 33
02/03/20 4:33:09: style.scss - parse error: failed at `color: color.$green;` /home/yannekci/public_html/wp-content/themes/werkstatt-child/scss/style.scss on line 33
02/03/20 4:33:10: style.scss - parse error: failed at `color: color.$green;` /home/yannekci/public_html/wp-content/themes/werkstatt-child/scss/style.scss on line 33
02/03/20 4:33:14: style.scss - parse error: failed at `color: color.$green;` /home/yannekci/public_html/wp-content/themes/werkstatt-child/scss/style.scss on line 33
02/03/20 4:33:25: style.scss - parse error: failed at `color: color.$green;` /home/yannekci/public_html/wp-content/themes/werkstatt-child/scss/style.scss on line 33
02/03/20 4:34:12: style.scss - parse error: failed at `color: color.$green;` /home/yannekci/public_html/wp-content/themes/werkstatt-child/scss/style.scss on line 33
02/03/20 4:34:14: style.scss - parse error: failed at `color: color.$green;` /home/yannekci/public_html/wp-content/themes/werkstatt-child/scss/style.scss on line 33
02/03/20 4:34:18: style.scss - parse error: failed at `color: color.$green;` /home/yannekci/public_html/wp-content/themes/werkstatt-child/scss/style.scss on line 33
02/03/20 4:34:27: style.scss - parse error: failed at `color: color.$green;` /home/yannekci/public_html/wp-content/themes/werkstatt-child/scss/style.scss on line 33
02/03/20 4:34:31: style.scss - parse error: failed at `color: color.$green;` /home/yannekci/public_html/wp-content/themes/werkstatt-child/scss/style.scss on line 33
02/03/20 4:34:35: style.scss - parse error: failed at `color: color.$green;` /home/yannekci/public_html/wp-content/themes/werkstatt-child/scss/style.scss on line 33
02/03/20 4:35:03: style.scss - parse error: failed at `color: color.$green;` /home/yannekci/public_html/wp-content/themes/werkstatt-child/scss/style.scss on line 33
02/03/20 4:35:10: style.scss - parse error: failed at `color: color.$green;` /home/yannekci/public_html/wp-content/themes/werkstatt-child/scss/style.scss on line 33
02/03/20 4:35:31: style.scss - parse error: failed at `color: color.$green;` /home/yannekci/public_html/wp-content/themes/werkstatt-child/scss/style.scss on line 31
02/03/20 4:35:33: style.scss - parse error: failed at `color: color.$green;` /home/yannekci/public_html/wp-content/themes/werkstatt-child/scss/style.scss on line 31
02/03/20 4:35:36: style.scss - parse error: failed at `color: color.$green;` /home/yannekci/public_html/wp-content/themes/werkstatt-child/scss/style.scss on line 31
02/03/20 4:36:11: style.scss - parse error: failed at `color: color.$green;` /home/yannekci/public_html/wp-content/themes/werkstatt-child/scss/style.scss on line 31
02/03/20 4:36:16: style.scss - parse error: failed at `color: color.$green;` /home/yannekci/public_html/wp-content/themes/werkstatt-child/scss/style.scss on line 29
02/03/20 4:36:33: style.scss - parse error: failed at `color: color.$green;` /home/yannekci/public_html/wp-content/themes/werkstatt-child/scss/style.scss on line 29
02/03/20 4:36:33: style.scss - parse error: failed at `color: color.$green;` /home/yannekci/public_html/wp-content/themes/werkstatt-child/scss/style.scss on line 29
02/03/20 4:36:37: style.scss - parse error: failed at `color: color.$green;` /home/yannekci/public_html/wp-content/themes/werkstatt-child/scss/style.scss on line 29
02/03/20 4:37:18: style.scss - parse error: failed at `color: color.$green;` /home/yannekci/public_html/wp-content/themes/werkstatt-child/scss/style.scss on line 29
02/03/20 4:37:39: style.scss - parse error: failed at `color: color.$green;` /home/yannekci/public_html/wp-content/themes/werkstatt-child/scss/style.scss on line 29
02/03/20 4:38:18: style.scss - parse error: failed at `color: color.$green;` /home/yannekci/public_html/wp-content/themes/werkstatt-child/scss/style.scss on line 29
02/03/20 4:38:18: style.scss - parse error: failed at `color: color.$green;` /home/yannekci/public_html/wp-content/themes/werkstatt-child/scss/style.scss on line 29
02/03/20 4:38:21: style.scss - parse error: failed at `color: color.$green;` /home/yannekci/public_html/wp-content/themes/werkstatt-child/scss/style.scss on line 29
02/03/20 4:39:10: style.scss - parse error: failed at `color: color.$green;` /home/yannekci/public_html/wp-content/themes/werkstatt-child/scss/style.scss on line 29
02/03/20 4:39:18: style.scss - parse error: failed at `color: color.$green;` /home/yannekci/public_html/wp-content/themes/werkstatt-child/scss/style.scss on line 29
02/03/20 4:39:19: style.scss - parse error: failed at `color: color.$green;` /home/yannekci/public_html/wp-content/themes/werkstatt-child/scss/style.scss on line 29
02/03/20 4:39:22: style.scss - parse error: failed at `color: color.$green;` /home/yannekci/public_html/wp-content/themes/werkstatt-child/scss/style.scss on line 29
02/03/20 4:39:31: style.scss - parse error: failed at `color: color.$green;` /home/yannekci/public_html/wp-content/themes/werkstatt-child/scss/style.scss on line 29
02/03/20 4:39:36: style.scss - parse error: failed at `color: color.$green;` /home/yannekci/public_html/wp-content/themes/werkstatt-child/scss/style.scss on line 29
02/03/20 5:14:51: style.scss - parse error: failed at `$::before {` /home/yannekci/public_html/wp-content/themes/werkstatt-child/scss/style.scss on line 110
02/03/20 5:17:57: style.scss - parse error: failed at `.scroll-bottom.style1` /home/yannekci/public_html/wp-content/themes/werkstatt-child/scss/style.scss on line 124
